<?xml version="1.0" encoding="UTF-8"?>
<!-- Generated by org.testng.reporters.JUnitReportReporter -->
<testsuite hostname="DESKTOP-GT66SQ5" failures="0" tests="1" name="screen.demo" time="17.804" errors="0" timestamp="2022-07-12T18:45:19 IST" skipped="0">
  <testcase classname="screen.demo" name="Tstdemo" time="17.804"/>
  <system-out/>
</testsuite> <!-- screen.demo -->
